<?xml version="1.0" encoding="UTF-8"?>
<testng-results skipped="0" failed="2" ignored="1" total="17" passed="14">
  <reporter-output>
    <line>
      <![CDATA[priority attribute utilization]]>
    </line>
    <line>
      <![CDATA[description attribute describes the finctionality of your method]]>
    </line>
  </reporter-output>
  <suite name="Suite" duration-ms="8410" started-at="2020-11-30T23:55:57 IST" finished-at="2020-11-30T23:56:05 IST">
    <groups>
      <group name="regressiontest">
        <method signature="TestNGCRUDWithAllTestProperties.method12()[pri:12, instance:tests.TestNGCRUDWithAllTestProperties@4b1c1ea0]" name="method12" class="tests.TestNGCRUDWithAllTestProperties"/>
      </group> <!-- regressiontest -->
      <group name="realtest">
        <method signature="TestNGCRUDWithAllTestProperties.method10()[pri:10, instance:tests.TestNGCRUDWithAllTestProperties@4b1c1ea0]" name="method10" class="tests.TestNGCRUDWithAllTestProperties"/>
        <method signature="TestNGCRUDWithAllTestProperties.method11()[pri:11, instance:tests.TestNGCRUDWithAllTestProperties@4b1c1ea0]" name="method11" class="tests.TestNGCRUDWithAllTestProperties"/>
      </group> <!-- realtest -->
      <group name="smoketest">
        <method signature="TestNGCRUDWithAllTestProperties.method10()[pri:10, instance:tests.TestNGCRUDWithAllTestProperties@4b1c1ea0]" name="method10" class="tests.TestNGCRUDWithAllTestProperties"/>
        <method signature="TestNGCRUDWithAllTestProperties.method9()[pri:9, instance:tests.TestNGCRUDWithAllTestProperties@4b1c1ea0]" name="method9" class="tests.TestNGCRUDWithAllTestProperties"/>
      </group> <!-- smoketest -->
    </groups>
    <test name="@Test Annotatoin properties" duration-ms="8410" started-at="2020-11-30T23:55:57 IST" finished-at="2020-11-30T23:56:05 IST">
      <class name="tests.TestNGCRUDWithAllTestProperties">
        <test-method status="PASS" signature="method1()[pri:1, instance:tests.TestNGCRUDWithAllTestProperties@4b1c1ea0]" name="method1" duration-ms="39" started-at="2020-11-30T23:55:57 IST" finished-at="2020-11-30T23:55:57 IST">
          <reporter-output>
            <line>
              <![CDATA[priority attribute utilization]]>
            </line>
          </reporter-output>
        </test-method> <!-- method1 -->
        <test-method status="PASS" signature="method3()[pri:3, instance:tests.TestNGCRUDWithAllTestProperties@4b1c1ea0]" name="method3" duration-ms="5" started-at="2020-11-30T23:55:57 IST" description="This attribute tells you about the method" finished-at="2020-11-30T23:55:57 IST">
          <reporter-output>
            <line>
              <![CDATA[description attribute describes the finctionality of your method]]>
            </line>
          </reporter-output>
        </test-method> <!-- method3 -->
        <test-method status="FAIL" signature="method4()[pri:4, instance:tests.TestNGCRUDWithAllTestProperties@4b1c1ea0]" name="method4" duration-ms="3025" started-at="2020-11-30T23:55:57 IST" finished-at="2020-11-30T23:56:00 IST">
          <exception class="org.testng.internal.thread.ThreadTimeoutException">
            <message>
              <![CDATA[Method tests.TestNGCRUDWithAllTestProperties.method4() didn't finish within the time-out 3000]]>
            </message>
            <full-stacktrace>
              <![CDATA[org.testng.internal.thread.ThreadTimeoutException: Method tests.TestNGCRUDWithAllTestProperties.method4() didn't finish within the time-out 3000
at org.testng.internal.MethodInvocationHelper.invokeWithTimeoutWithNewExecutor(MethodInvocationHelper.java:371)
at org.testng.internal.MethodInvocationHelper.invokeWithTimeout(MethodInvocationHelper.java:282)
at org.testng.internal.TestInvoker.invokeMethod(TestInvoker.java:605)
at org.testng.internal.TestInvoker.invokeTestMethod(TestInvoker.java:174)
at org.testng.internal.MethodRunner.runInSequence(MethodRunner.java:46)
at org.testng.internal.TestInvoker$MethodInvocationAgent.invoke(TestInvoker.java:822)
at org.testng.internal.TestInvoker.invokeTestMethods(TestInvoker.java:147)
at org.testng.internal.TestMethodWorker.invokeTestMethods(TestMethodWorker.java:146)
at org.testng.internal.TestMethodWorker.run(TestMethodWorker.java:128)
at java.util.ArrayList.forEach(Unknown Source)
at org.testng.TestRunner.privateRun(TestRunner.java:764)
at org.testng.TestRunner.run(TestRunner.java:585)
at org.testng.SuiteRunner.runTest(SuiteRunner.java:384)
at org.testng.SuiteRunner.runSequentially(SuiteRunner.java:378)
at org.testng.SuiteRunner.privateRun(SuiteRunner.java:337)
at org.testng.SuiteRunner.run(SuiteRunner.java:286)
at org.testng.SuiteRunnerWorker.runSuite(SuiteRunnerWorker.java:53)
at org.testng.SuiteRunnerWorker.run(SuiteRunnerWorker.java:96)
at org.testng.TestNG.runSuitesSequentially(TestNG.java:1218)
at org.testng.TestNG.runSuitesLocally(TestNG.java:1140)
at org.testng.TestNG.runSuites(TestNG.java:1069)
at org.testng.TestNG.run(TestNG.java:1037)
at org.testng.remote.AbstractRemoteTestNG.run(AbstractRemoteTestNG.java:115)
at org.testng.remote.RemoteTestNG.initAndRun(RemoteTestNG.java:251)
at org.testng.remote.RemoteTestNG.main(RemoteTestNG.java:77)
]]>
            </full-stacktrace>
          </exception> <!-- org.testng.internal.thread.ThreadTimeoutException -->
          <reporter-output>
          </reporter-output>
        </test-method> <!-- method4 -->
        <test-method status="PASS" signature="method5()[pri:5, instance:tests.TestNGCRUDWithAllTestProperties@4b1c1ea0]" name="method5" duration-ms="6" started-at="2020-11-30T23:56:00 IST" finished-at="2020-11-30T23:56:00 IST">
          <reporter-output>
          </reporter-output>
        </test-method> <!-- method5 -->
        <test-method status="PASS" signature="method5()[pri:5, instance:tests.TestNGCRUDWithAllTestProperties@4b1c1ea0]" name="method5" duration-ms="8" started-at="2020-11-30T23:56:00 IST" finished-at="2020-11-30T23:56:00 IST">
          <reporter-output>
          </reporter-output>
        </test-method> <!-- method5 -->
        <test-method status="PASS" signature="method5()[pri:5, instance:tests.TestNGCRUDWithAllTestProperties@4b1c1ea0]" name="method5" duration-ms="4" started-at="2020-11-30T23:56:00 IST" finished-at="2020-11-30T23:56:00 IST">
          <reporter-output>
          </reporter-output>
        </test-method> <!-- method5 -->
        <test-method status="PASS" signature="method5()[pri:5, instance:tests.TestNGCRUDWithAllTestProperties@4b1c1ea0]" name="method5" duration-ms="4" started-at="2020-11-30T23:56:00 IST" finished-at="2020-11-30T23:56:00 IST">
          <reporter-output>
          </reporter-output>
        </test-method> <!-- method5 -->
        <test-method status="PASS" signature="method5()[pri:5, instance:tests.TestNGCRUDWithAllTestProperties@4b1c1ea0]" name="method5" duration-ms="4" started-at="2020-11-30T23:56:00 IST" finished-at="2020-11-30T23:56:00 IST">
          <reporter-output>
          </reporter-output>
        </test-method> <!-- method5 -->
        <test-method status="FAIL" signature="method6()[pri:6, instance:tests.TestNGCRUDWithAllTestProperties@4b1c1ea0]" name="method6" duration-ms="5017" started-at="2020-11-30T23:56:00 IST" finished-at="2020-11-30T23:56:05 IST">
          <exception class="org.testng.internal.thread.ThreadTimeoutException">
            <message>
              <![CDATA[Method tests.TestNGCRUDWithAllTestProperties.method6() didn't finish within the time-out 5000]]>
            </message>
            <full-stacktrace>
              <![CDATA[org.testng.internal.thread.ThreadTimeoutException: Method tests.TestNGCRUDWithAllTestProperties.method6() didn't finish within the time-out 5000
at org.testng.internal.MethodInvocationHelper.invokeWithTimeoutWithNewExecutor(MethodInvocationHelper.java:371)
at org.testng.internal.MethodInvocationHelper.invokeWithTimeout(MethodInvocationHelper.java:282)
at org.testng.internal.TestInvoker.invokeMethod(TestInvoker.java:605)
at org.testng.internal.TestInvoker.invokeTestMethod(TestInvoker.java:174)
at org.testng.internal.MethodRunner.runInSequence(MethodRunner.java:46)
at org.testng.internal.TestInvoker$MethodInvocationAgent.invoke(TestInvoker.java:822)
at org.testng.internal.TestInvoker.invokeTestMethods(TestInvoker.java:147)
at org.testng.internal.TestMethodWorker.invokeTestMethods(TestMethodWorker.java:146)
at org.testng.internal.TestMethodWorker.run(TestMethodWorker.java:128)
at java.util.ArrayList.forEach(Unknown Source)
at org.testng.TestRunner.privateRun(TestRunner.java:764)
at org.testng.TestRunner.run(TestRunner.java:585)
at org.testng.SuiteRunner.runTest(SuiteRunner.java:384)
at org.testng.SuiteRunner.runSequentially(SuiteRunner.java:378)
at org.testng.SuiteRunner.privateRun(SuiteRunner.java:337)
at org.testng.SuiteRunner.run(SuiteRunner.java:286)
at org.testng.SuiteRunnerWorker.runSuite(SuiteRunnerWorker.java:53)
at org.testng.SuiteRunnerWorker.run(SuiteRunnerWorker.java:96)
at org.testng.TestNG.runSuitesSequentially(TestNG.java:1218)
at org.testng.TestNG.runSuitesLocally(TestNG.java:1140)
at org.testng.TestNG.runSuites(TestNG.java:1069)
at org.testng.TestNG.run(TestNG.java:1037)
at org.testng.remote.AbstractRemoteTestNG.run(AbstractRemoteTestNG.java:115)
at org.testng.remote.RemoteTestNG.initAndRun(RemoteTestNG.java:251)
at org.testng.remote.RemoteTestNG.main(RemoteTestNG.java:77)
]]>
            </full-stacktrace>
          </exception> <!-- org.testng.internal.thread.ThreadTimeoutException -->
          <reporter-output>
          </reporter-output>
        </test-method> <!-- method6 -->
        <test-method status="PASS" signature="method7()[pri:7, instance:tests.TestNGCRUDWithAllTestProperties@4b1c1ea0]" name="method7" duration-ms="10" started-at="2020-11-30T23:56:05 IST" finished-at="2020-11-30T23:56:05 IST">
          <exception class="java.lang.ArithmeticException">
            <message>
              <![CDATA[/ by zero]]>
            </message>
            <full-stacktrace>
              <![CDATA[java.lang.ArithmeticException: / by zero
at tests.TestNGCRUDWithAllTestProperties.method7(TestNGCRUDWithAllTestProperties.java:59)
at sun.reflect.NativeMethodAccessorImpl.invoke0(Native Method)
at sun.reflect.NativeMethodAccessorImpl.invoke(Unknown Source)
at sun.reflect.DelegatingMethodAccessorImpl.invoke(Unknown Source)
at java.lang.reflect.Method.invoke(Unknown Source)
at org.testng.internal.MethodInvocationHelper.invokeMethod(MethodInvocationHelper.java:132)
at org.testng.internal.TestInvoker.invokeMethod(TestInvoker.java:599)
at org.testng.internal.TestInvoker.invokeTestMethod(TestInvoker.java:174)
at org.testng.internal.MethodRunner.runInSequence(MethodRunner.java:46)
at org.testng.internal.TestInvoker$MethodInvocationAgent.invoke(TestInvoker.java:822)
at org.testng.internal.TestInvoker.invokeTestMethods(TestInvoker.java:147)
at org.testng.internal.TestMethodWorker.invokeTestMethods(TestMethodWorker.java:146)
at org.testng.internal.TestMethodWorker.run(TestMethodWorker.java:128)
at java.util.ArrayList.forEach(Unknown Source)
at org.testng.TestRunner.privateRun(TestRunner.java:764)
at org.testng.TestRunner.run(TestRunner.java:585)
at org.testng.SuiteRunner.runTest(SuiteRunner.java:384)
at org.testng.SuiteRunner.runSequentially(SuiteRunner.java:378)
at org.testng.SuiteRunner.privateRun(SuiteRunner.java:337)
at org.testng.SuiteRunner.run(SuiteRunner.java:286)
at org.testng.SuiteRunnerWorker.runSuite(SuiteRunnerWorker.java:53)
at org.testng.SuiteRunnerWorker.run(SuiteRunnerWorker.java:96)
at org.testng.TestNG.runSuitesSequentially(TestNG.java:1218)
at org.testng.TestNG.runSuitesLocally(TestNG.java:1140)
at org.testng.TestNG.runSuites(TestNG.java:1069)
at org.testng.TestNG.run(TestNG.java:1037)
at org.testng.remote.AbstractRemoteTestNG.run(AbstractRemoteTestNG.java:115)
at org.testng.remote.RemoteTestNG.initAndRun(RemoteTestNG.java:251)
at org.testng.remote.RemoteTestNG.main(RemoteTestNG.java:77)
]]>
            </full-stacktrace>
          </exception> <!-- java.lang.ArithmeticException -->
          <reporter-output>
          </reporter-output>
        </test-method> <!-- method7 -->
        <test-method status="PASS" signature="method8()[pri:8, instance:tests.TestNGCRUDWithAllTestProperties@4b1c1ea0]" name="method8" duration-ms="4" started-at="2020-11-30T23:56:05 IST" depends-on-methods="tests.TestNGCRUDWithAllTestProperties.method6" finished-at="2020-11-30T23:56:05 IST">
          <reporter-output>
          </reporter-output>
        </test-method> <!-- method8 -->
        <test-method status="PASS" signature="method9()[pri:9, instance:tests.TestNGCRUDWithAllTestProperties@4b1c1ea0]" name="method9" duration-ms="4" started-at="2020-11-30T23:56:05 IST" finished-at="2020-11-30T23:56:05 IST">
          <reporter-output>
          </reporter-output>
        </test-method> <!-- method9 -->
        <test-method status="PASS" signature="method10()[pri:10, instance:tests.TestNGCRUDWithAllTestProperties@4b1c1ea0]" name="method10" duration-ms="4" started-at="2020-11-30T23:56:05 IST" finished-at="2020-11-30T23:56:05 IST">
          <reporter-output>
          </reporter-output>
        </test-method> <!-- method10 -->
        <test-method status="PASS" signature="method11()[pri:11, instance:tests.TestNGCRUDWithAllTestProperties@4b1c1ea0]" name="method11" duration-ms="4" started-at="2020-11-30T23:56:05 IST" finished-at="2020-11-30T23:56:05 IST">
          <reporter-output>
          </reporter-output>
        </test-method> <!-- method11 -->
        <test-method status="PASS" signature="method12()[pri:12, instance:tests.TestNGCRUDWithAllTestProperties@4b1c1ea0]" name="method12" duration-ms="3" started-at="2020-11-30T23:56:05 IST" finished-at="2020-11-30T23:56:05 IST">
          <reporter-output>
          </reporter-output>
        </test-method> <!-- method12 -->
        <test-method status="PASS" signature="method13()[pri:13, instance:tests.TestNGCRUDWithAllTestProperties@4b1c1ea0]" name="method13" duration-ms="3" depends-on-groups="realtest, smoketest" started-at="2020-11-30T23:56:05 IST" finished-at="2020-11-30T23:56:05 IST">
          <reporter-output>
          </reporter-output>
        </test-method> <!-- method13 -->
      </class> <!-- tests.TestNGCRUDWithAllTestProperties -->
    </test> <!-- @Test Annotatoin properties -->
  </suite> <!-- Suite -->
</testng-results>
